15/17140/11460.pbf	 37850 bytes
15/17140/11464.pbf	 20263 bytes
15/17140/11463.pbf	 36700 bytes
15/17140/11462.pbf	 63220 bytes
15/17140/11461.pbf	 93551 bytes
15/17140/11466.pbf	 5743 bytes
15/17140/11465.pbf	 5451 bytes
15/17140/11468.pbf	 44456 bytes
15/17140/11467.pbf	 11340 bytes
15/17140/11469.pbf	 26493 bytes
15/17140/11472.pbf	 9695 bytes
15/17140/11474.pbf	 5710 bytes
15/17140/11470.pbf	 14074 bytes
15/17140/11473.pbf	 5200 bytes
15/17140/11471.pbf	 29536 bytes
15/17140/11475.pbf	 22656 bytes
15/17140/11477.pbf	 3605 bytes
15/17140/11479.pbf	 5907 bytes
15/17140/11478.pbf	 4438 bytes
15/17140/11476.pbf	 14209 bytes
15/17140/11480.pbf	 16019 bytes
15/17141/11461.pbf	 23107 bytes
15/17141/11463.pbf	 53186 bytes
15/17141/11462.pbf	 67848 bytes
15/17141/11460.pbf	 33981 bytes
15/17141/11466.pbf	 6430 bytes
15/17141/11464.pbf	 41267 bytes
15/17141/11468.pbf	 11348 bytes
15/17141/11467.pbf	 6416 bytes
15/17141/11465.pbf	 17911 bytes
15/17141/11471.pbf	 5078 bytes
15/17141/11469.pbf	 22742 bytes
15/17141/11473.pbf	 13518 bytes
15/17141/11472.pbf	 4939 bytes
15/17141/11470.pbf	 20547 bytes
15/17141/11476.pbf	 5865 bytes
15/17141/11474.pbf	 11665 bytes
15/17141/11477.pbf	 10238 bytes
15/17141/11478.pbf	 4101 bytes
15/17141/11475.pbf	 9040 bytes
15/17141/11479.pbf	 2313 bytes
15/17142/11460.pbf	 16095 bytes
15/17142/11462.pbf	 46908 bytes
15/17141/11480.pbf	 4696 bytes
15/17142/11461.pbf	 5798 bytes
15/17142/11465.pbf	 30984 bytes
15/17142/11467.pbf	 5691 bytes
15/17142/11464.pbf	 23950 bytes
15/17142/11463.pbf	 50738 bytes
15/17142/11466.pbf	 11047 bytes
15/17142/11472.pbf	 12030 bytes
15/17142/11470.pbf	 23870 bytes
15/17142/11469.pbf	 4513 bytes
15/17142/11468.pbf	 5617 bytes
15/17142/11471.pbf	 6933 bytes
15/17142/11477.pbf	 14575 bytes
15/17142/11474.pbf	 6973 bytes
15/17142/11475.pbf	 12251 bytes
15/17142/11473.pbf	 28899 bytes
15/17142/11476.pbf	 6649 bytes
15/17142/11479.pbf	 9715 bytes
15/17142/11480.pbf	 8302 bytes
15/17143/11461.pbf	 6360 bytes
15/17143/11460.pbf	 4073 bytes
15/17142/11478.pbf	 23420 bytes
15/17143/11466.pbf	 12392 bytes
15/17143/11463.pbf	 13105 bytes
15/17143/11464.pbf	 8953 bytes
15/17143/11462.pbf	 16211 bytes
15/17143/11465.pbf	 8946 bytes
15/17143/11469.pbf	 7472 bytes
15/17143/11467.pbf	 21072 bytes
15/17143/11471.pbf	 5341 bytes
15/17143/11468.pbf	 4613 bytes
15/17143/11470.pbf	 8009 bytes
15/17143/11472.pbf	 17082 bytes
15/17143/11474.pbf	 4739 bytes
15/17143/11476.pbf	 14555 bytes
15/17143/11475.pbf	 20770 bytes
15/17143/11473.pbf	 23479 bytes
15/17144/11460.pbf	 6466 bytes
15/17143/11479.pbf	 25544 bytes
15/17143/11477.pbf	 20827 bytes
15/17143/11480.pbf	 18356 bytes
15/17143/11478.pbf	 78580 bytes
15/17144/11461.pbf	 8016 bytes
15/17144/11465.pbf	 21491 bytes
15/17144/11463.pbf	 8737 bytes
15/17144/11464.pbf	 6769 bytes
15/17144/11462.pbf	 6858 bytes
15/17144/11466.pbf	 23728 bytes
15/17144/11470.pbf	 4526 bytes
15/17144/11468.pbf	 23950 bytes
15/17144/11469.pbf	 13798 bytes
15/17144/11467.pbf	 46985 bytes
15/17144/11471.pbf	 6636 bytes
15/17144/11475.pbf	 22213 bytes
15/17144/11473.pbf	 2544 bytes
15/17144/11474.pbf	 7310 bytes
15/17144/11472.pbf	 3456 bytes
15/17144/11476.pbf	 32895 bytes
15/17144/11480.pbf	 6108 bytes
15/17144/11478.pbf	 39065 bytes
15/17144/11479.pbf	 29384 bytes
15/17144/11477.pbf	 32386 bytes
15/17145/11460.pbf	 6221 bytes
15/17145/11463.pbf	 9170 bytes
15/17145/11461.pbf	 6909 bytes
15/17145/11462.pbf	 9545 bytes
15/17145/11464.pbf	 4088 bytes
15/17145/11465.pbf	 33899 bytes
15/17145/11468.pbf	 63811 bytes
15/17145/11466.pbf	 42717 bytes
15/17145/11467.pbf	 26259 bytes
15/17145/11469.pbf	 63733 bytes
15/17145/11470.pbf	 7097 bytes
15/17145/11473.pbf	 5701 bytes
15/17145/11471.pbf	 11721 bytes
15/17145/11472.pbf	 6036 bytes
15/17145/11474.pbf	 9652 bytes
15/17145/11475.pbf	 14582 bytes
15/17145/11478.pbf	 13199 bytes
15/17145/11476.pbf	 43092 bytes
15/17145/11477.pbf	 38028 bytes
15/17145/11479.pbf	 7983 bytes
15/17145/11480.pbf	 6292 bytes
15/17146/11462.pbf	 6356 bytes
15/17146/11460.pbf	 5708 bytes
15/17146/11461.pbf	 7437 bytes
15/17146/11463.pbf	 7528 bytes
15/17146/11464.pbf	 4665 bytes
15/17146/11467.pbf	 16148 bytes
15/17146/11465.pbf	 9241 bytes
15/17146/11466.pbf	 8164 bytes
15/17146/11469.pbf	 38833 bytes
15/17146/11468.pbf	 29978 bytes
15/17146/11472.pbf	 32701 bytes
15/17146/11470.pbf	 9910 bytes
15/17146/11471.pbf	 18669 bytes
15/17146/11473.pbf	 7346 bytes
15/17146/11474.pbf	 5303 bytes
15/17146/11477.pbf	 8359 bytes
15/17146/11475.pbf	 23803 bytes
15/17146/11476.pbf	 30368 bytes
15/17146/11479.pbf	 10852 bytes
15/17146/11478.pbf	 29085 bytes
15/17147/11461.pbf	 6071 bytes
15/17146/11480.pbf	 8850 bytes
15/17147/11460.pbf	 4968 bytes
15/17147/11463.pbf	 38317 bytes
15/17147/11462.pbf	 13223 bytes
15/17147/11466.pbf	 12085 bytes
15/17147/11464.pbf	 21754 bytes
15/17147/11465.pbf	 25796 bytes
15/17147/11468.pbf	 16336 bytes
15/17147/11467.pbf	 17727 bytes
15/17147/11471.pbf	 36906 bytes
15/17147/11469.pbf	 22266 bytes
15/17147/11470.pbf	 28577 bytes
15/17147/11473.pbf	 25441 bytes
15/17147/11472.pbf	 33860 bytes
15/17147/11476.pbf	 11985 bytes
15/17147/11474.pbf	 7708 bytes
15/17147/11475.pbf	 16852 bytes
15/17147/11478.pbf	 5234 bytes
15/17147/11477.pbf	 5896 bytes
15/17148/11460.pbf	 7714 bytes
15/17147/11479.pbf	 12189 bytes
15/17147/11480.pbf	 26372 bytes
15/17148/11461.pbf	 12207 bytes
15/17148/11462.pbf	 23892 bytes
15/17148/11465.pbf	 10035 bytes
15/17148/11463.pbf	 11910 bytes
15/17148/11464.pbf	 13113 bytes
15/17148/11466.pbf	 6653 bytes
15/17148/11467.pbf	 20748 bytes
15/17148/11470.pbf	 49050 bytes
15/17148/11468.pbf	 29611 bytes
15/17148/11469.pbf	 22898 bytes
15/17148/11471.pbf	 68741 bytes
15/17148/11472.pbf	 37887 bytes
15/17148/11475.pbf	 8992 bytes
15/17148/11473.pbf	 16092 bytes
15/17148/11474.pbf	 12471 bytes
15/17148/11476.pbf	 3218 bytes
15/17148/11477.pbf	 2416 bytes
15/17148/11480.pbf	 7279 bytes
15/17148/11478.pbf	 3140 bytes
15/17148/11479.pbf	 34479 bytes
15/17149/11460.pbf	 5436 bytes
15/17149/11461.pbf	 5221 bytes
15/17149/11464.pbf	 9659 bytes
15/17149/11463.pbf	 8247 bytes
15/17149/11462.pbf	 19209 bytes
15/17149/11466.pbf	 12586 bytes
15/17149/11465.pbf	 28814 bytes
15/17149/11469.pbf	 24506 bytes
15/17149/11468.pbf	 40879 bytes
15/17149/11467.pbf	 8957 bytes
15/17149/11471.pbf	 36810 bytes
15/17149/11470.pbf	 44338 bytes
15/17149/11474.pbf	 5412 bytes
15/17149/11476.pbf	 7776 bytes
15/17149/11473.pbf	 10732 bytes
15/17149/11475.pbf	 9027 bytes
15/17149/11472.pbf	 19999 bytes
15/17149/11479.pbf	 8543 bytes
15/17150/11460.pbf	 4458 bytes
15/17149/11478.pbf	 4871 bytes
15/17149/11480.pbf	 5277 bytes
15/17149/11477.pbf	 6259 bytes
15/17150/11463.pbf	 7514 bytes
15/17150/11465.pbf	 7414 bytes
15/17150/11462.pbf	 7976 bytes
15/17150/11461.pbf	 4942 bytes
15/17150/11464.pbf	 9142 bytes
15/17150/11468.pbf	 8332 bytes
15/17150/11470.pbf	 12401 bytes
15/17150/11466.pbf	 6424 bytes
15/17150/11467.pbf	 7789 bytes
15/17150/11469.pbf	 19129 bytes
15/17150/11473.pbf	 48414 bytes
15/17150/11471.pbf	 19157 bytes
15/17150/11475.pbf	 14548 bytes
15/17150/11474.pbf	 36585 bytes
15/17150/11472.pbf	 50923 bytes
15/17150/11478.pbf	 9577 bytes
15/17150/11476.pbf	 9878 bytes
15/17150/11480.pbf	 5822 bytes
15/17150/11479.pbf	 5573 bytes
15/17150/11477.pbf	 7838 bytes
15/17151/11462.pbf	 3660 bytes
15/17151/11460.pbf	 14302 bytes
15/17151/11464.pbf	 20384 bytes
15/17151/11463.pbf	 32503 bytes
15/17151/11461.pbf	 6812 bytes
15/17151/11467.pbf	 8035 bytes
15/17151/11465.pbf	 7719 bytes
15/17151/11469.pbf	 27019 bytes
15/17151/11466.pbf	 16900 bytes
15/17151/11468.pbf	 22036 bytes
15/17151/11472.pbf	 41780 bytes
15/17151/11470.pbf	 10749 bytes
15/17151/11471.pbf	 18206 bytes
15/17151/11473.pbf	 58512 bytes
15/17151/11474.pbf	 23410 bytes
15/17151/11475.pbf	 7497 bytes
15/17151/11477.pbf	 34987 bytes
15/17151/11476.pbf	 11658 bytes
15/17151/11478.pbf	 18535 bytes
15/17151/11479.pbf	 4470 bytes
15/17152/11461.pbf	 6515 bytes
15/17151/11480.pbf	 12130 bytes
15/17152/11460.pbf	 22952 bytes
15/17152/11462.pbf	 5660 bytes
15/17152/11463.pbf	 25799 bytes
15/17152/11466.pbf	 35011 bytes
15/17152/11464.pbf	 30778 bytes
15/17152/11465.pbf	 12958 bytes
15/17152/11467.pbf	 8459 bytes
15/17152/11468.pbf	 12273 bytes
15/17152/11471.pbf	 38014 bytes
15/17152/11469.pbf	 36534 bytes
15/17152/11470.pbf	 34941 bytes
15/17152/11472.pbf	 51966 bytes
15/17152/11473.pbf	 5550 bytes
15/17152/11476.pbf	 7007 bytes
15/17152/11474.pbf	 8107 bytes
15/17152/11475.pbf	 13284 bytes
15/17152/11477.pbf	 43888 bytes
15/17152/11478.pbf	 36675 bytes
15/17152/11479.pbf	 11379 bytes
15/17153/11460.pbf	 55117 bytes
15/17153/11461.pbf	 37086 bytes
15/17152/11480.pbf	 32779 bytes
15/17153/11462.pbf	 7291 bytes
15/17153/11463.pbf	 7810 bytes
15/17153/11465.pbf	 7932 bytes
15/17153/11466.pbf	 10557 bytes
15/17153/11464.pbf	 12296 bytes
15/17153/11467.pbf	 8521 bytes
15/17153/11470.pbf	 37879 bytes
15/17153/11468.pbf	 8651 bytes
15/17153/11469.pbf	 25226 bytes
15/17153/11471.pbf	 31426 bytes
15/17153/11472.pbf	 34963 bytes
15/17153/11473.pbf	 7574 bytes
15/17153/11475.pbf	 52361 bytes
15/17153/11476.pbf	 13801 bytes
15/17153/11474.pbf	 8603 bytes
15/17153/11477.pbf	 31487 bytes
15/17153/11479.pbf	 11953 bytes
15/17154/11460.pbf	 26545 bytes
15/17153/11480.pbf	 10490 bytes
15/17153/11478.pbf	 7526 bytes
15/17154/11461.pbf	 10414 bytes
15/17154/11463.pbf	 11286 bytes
15/17154/11465.pbf	 33829 bytes
15/17154/11462.pbf	 7771 bytes
15/17154/11464.pbf	 24687 bytes
15/17154/11466.pbf	 23633 bytes
15/17154/11468.pbf	 14312 bytes
15/17154/11470.pbf	 44278 bytes
15/17154/11467.pbf	 46377 bytes
15/17154/11469.pbf	 13090 bytes
15/17154/11471.pbf	 24999 bytes
15/17154/11473.pbf	 22787 bytes
15/17154/11475.pbf	 17645 bytes
15/17154/11474.pbf	 5935 bytes
15/17154/11472.pbf	 30123 bytes
15/17154/11476.pbf	 46930 bytes
15/17154/11478.pbf	 20537 bytes
15/17154/11480.pbf	 16377 bytes
15/17154/11477.pbf	 28394 bytes
15/17154/11479.pbf	 22256 bytes
15/17155/11460.pbf	 9599 bytes
15/17155/11462.pbf	 5865 bytes
15/17155/11464.pbf	 5067 bytes
15/17155/11461.pbf	 6013 bytes
15/17155/11463.pbf	 7284 bytes
15/17155/11465.pbf	 32429 bytes
15/17155/11467.pbf	 22484 bytes
15/17155/11469.pbf	 28538 bytes
15/17155/11466.pbf	 38868 bytes
15/17155/11468.pbf	 16063 bytes
15/17155/11470.pbf	 32366 bytes
15/17155/11472.pbf	 51862 bytes
15/17155/11474.pbf	 32623 bytes
15/17155/11471.pbf	 44227 bytes
15/17155/11473.pbf	 64521 bytes
15/17155/11475.pbf	 16230 bytes
15/17155/11477.pbf	 20512 bytes
15/17155/11476.pbf	 8458 bytes
15/17155/11479.pbf	 45323 bytes
15/17155/11478.pbf	 15369 bytes
15/17155/11480.pbf	 69844 bytes
15/17156/11461.pbf	 27533 bytes
15/17156/11460.pbf	 27043 bytes
15/17156/11463.pbf	 9472 bytes
15/17156/11462.pbf	 9090 bytes
15/17156/11464.pbf	 6447 bytes
15/17156/11466.pbf	 12937 bytes
15/17156/11465.pbf	 16141 bytes
15/17156/11468.pbf	 13108 bytes
15/17156/11467.pbf	 11558 bytes
15/17156/11469.pbf	 15093 bytes
15/17156/11471.pbf	 59396 bytes
15/17156/11470.pbf	 46318 bytes
15/17156/11473.pbf	 87242 bytes
15/17156/11472.pbf	 63561 bytes
15/17156/11474.pbf	 74662 bytes
15/17156/11476.pbf	 25671 bytes
15/17156/11475.pbf	 71325 bytes
15/17156/11478.pbf	 15841 bytes
15/17156/11477.pbf	 14828 bytes
15/17157/11460.pbf	 26545 bytes
15/17156/11479.pbf	 34723 bytes
15/17156/11480.pbf	 18278 bytes
15/17157/11462.pbf	 17820 bytes
15/17157/11461.pbf	 13978 bytes
15/17157/11463.pbf	 13752 bytes
15/17157/11465.pbf	 6266 bytes
15/17157/11464.pbf	 4746 bytes
15/17157/11467.pbf	 7880 bytes
15/17157/11466.pbf	 8152 bytes
15/17157/11470.pbf	 24380 bytes
15/17157/11468.pbf	 35886 bytes
15/17157/11472.pbf	 47885 bytes
15/17157/11469.pbf	 19338 bytes
15/17157/11471.pbf	 85859 bytes
15/17157/11475.pbf	 70165 bytes
15/17157/11473.pbf	 58339 bytes
15/17157/11477.pbf	 42564 bytes
15/17157/11474.pbf	 71109 bytes
15/17157/11476.pbf	 78429 bytes
15/17157/11480.pbf	 11859 bytes
15/17157/11478.pbf	 19428 bytes
15/17157/11479.pbf	 11324 bytes
15/17158/11461.pbf	 17243 bytes
15/17158/11460.pbf	 14759 bytes
15/17158/11464.pbf	 6052 bytes
15/17158/11462.pbf	 21540 bytes
15/17158/11463.pbf	 6087 bytes
15/17158/11466.pbf	 7526 bytes
15/17158/11465.pbf	 6558 bytes
15/17158/11469.pbf	 64240 bytes
15/17158/11467.pbf	 12413 bytes
15/17158/11468.pbf	 47471 bytes
15/17158/11471.pbf	 46248 bytes
15/17158/11470.pbf	 51864 bytes
15/17158/11474.pbf	 80345 bytes
15/17158/11473.pbf	 49860 bytes
15/17158/11472.pbf	 73508 bytes
15/17158/11476.pbf	 98626 bytes
15/17158/11475.pbf	 82062 bytes
15/17158/11478.pbf	 27831 bytes
15/17158/11479.pbf	 13473 bytes
15/17158/11477.pbf	 103358 bytes
15/17159/11460.pbf	 8547 bytes
15/17158/11480.pbf	 17091 bytes
15/17159/11462.pbf	 7122 bytes
15/17159/11463.pbf	 12912 bytes
15/17159/11461.pbf	 33097 bytes
15/17159/11465.pbf	 12951 bytes
15/17159/11464.pbf	 11175 bytes
15/17159/11468.pbf	 18976 bytes
15/17159/11466.pbf	 6793 bytes
15/17159/11467.pbf	 12420 bytes
15/17159/11470.pbf	 34239 bytes
15/17159/11469.pbf	 33653 bytes
15/17159/11471.pbf	 27134 bytes
15/17159/11472.pbf	 75514 bytes
15/17159/11473.pbf	 85620 bytes
15/17159/11475.pbf	 164670 bytes
15/17159/11476.pbf	 95795 bytes
15/17159/11474.pbf	 100848 bytes
15/17159/11477.pbf	 75330 bytes
15/17159/11478.pbf	 27805 bytes
15/17159/11480.pbf	 56425 bytes
15/17160/11460.pbf	 10994 bytes
15/17160/11461.pbf	 15319 bytes
15/17159/11479.pbf	 40114 bytes
15/17160/11462.pbf	 7810 bytes
15/17160/11464.pbf	 36522 bytes
15/17160/11465.pbf	 30111 bytes
15/17160/11466.pbf	 9093 bytes
15/17160/11463.pbf	 13270 bytes
15/17160/11467.pbf	 11484 bytes
15/17160/11470.pbf	 69426 bytes
15/17160/11469.pbf	 44531 bytes
15/17160/11468.pbf	 14195 bytes
15/17160/11471.pbf	 47357 bytes
15/17160/11472.pbf	 103731 bytes
15/17160/11474.pbf	 146808 bytes
15/17160/11475.pbf	 151091 bytes
15/17160/11473.pbf	 108962 bytes
15/17160/11476.pbf	 99722 bytes
15/17160/11477.pbf	 78306 bytes
15/17160/11479.pbf	 81812 bytes
15/17160/11480.pbf	 57796 bytes
15/17160/11478.pbf	 66448 bytes
14/8570/5730.pbf	 173889 bytes
14/8570/5731.pbf	 202401 bytes
14/8570/5733.pbf	 22357 bytes
14/8570/5734.pbf	 91771 bytes
14/8570/5732.pbf	 72734 bytes
14/8570/5735.pbf	 58790 bytes
14/8570/5736.pbf	 25704 bytes
14/8570/5738.pbf	 27104 bytes
14/8570/5739.pbf	 12219 bytes
14/8570/5737.pbf	 38502 bytes
14/8570/5740.pbf	 24967 bytes
14/8571/5730.pbf	 26219 bytes
14/8571/5732.pbf	 60331 bytes
14/8571/5733.pbf	 40873 bytes
14/8571/5731.pbf	 114135 bytes
14/8571/5734.pbf	 16696 bytes
14/8571/5735.pbf	 36773 bytes
14/8571/5737.pbf	 35050 bytes
14/8571/5736.pbf	 70993 bytes
14/8571/5738.pbf	 46421 bytes
14/8571/5740.pbf	 40252 bytes
14/8571/5739.pbf	 122990 bytes
14/8572/5730.pbf	 21503 bytes
14/8572/5731.pbf	 25790 bytes
14/8572/5732.pbf	 58197 bytes
14/8572/5734.pbf	 148038 bytes
14/8572/5735.pbf	 22652 bytes
14/8572/5733.pbf	 123174 bytes
14/8572/5736.pbf	 12725 bytes
14/8572/5737.pbf	 43526 bytes
14/8572/5739.pbf	 77877 bytes
14/8572/5740.pbf	 20022 bytes
14/8573/5731.pbf	 57307 bytes
14/8573/5730.pbf	 18606 bytes
14/8572/5738.pbf	 131450 bytes
14/8573/5733.pbf	 42350 bytes
14/8573/5734.pbf	 87806 bytes
14/8573/5732.pbf	 52510 bytes
14/8573/5735.pbf	 79638 bytes
14/8573/5736.pbf	 87266 bytes
14/8573/5738.pbf	 47242 bytes
14/8573/5737.pbf	 43697 bytes
14/8573/5739.pbf	 47599 bytes
14/8573/5740.pbf	 44622 bytes
14/8574/5730.pbf	 24748 bytes
14/8574/5732.pbf	 51493 bytes
14/8574/5733.pbf	 39279 bytes
14/8574/5731.pbf	 54115 bytes
14/8574/5734.pbf	 102440 bytes
14/8574/5735.pbf	 177723 bytes
14/8574/5737.pbf	 26884 bytes
14/8574/5736.pbf	 72779 bytes
14/8574/5739.pbf	 42992 bytes
14/8574/5738.pbf	 14887 bytes
14/8574/5740.pbf	 16630 bytes
14/8575/5731.pbf	 45033 bytes
14/8575/5730.pbf	 23952 bytes
14/8575/5733.pbf	 31696 bytes
14/8575/5732.pbf	 36749 bytes
14/8575/5734.pbf	 64857 bytes
14/8575/5735.pbf	 49764 bytes
14/8575/5736.pbf	 181539 bytes
14/8575/5738.pbf	 53844 bytes
14/8575/5739.pbf	 31527 bytes
14/8575/5737.pbf	 72556 bytes
14/8576/5733.pbf	 54159 bytes
14/8576/5730.pbf	 109717 bytes
14/8575/5740.pbf	 24919 bytes
14/8576/5732.pbf	 54138 bytes
14/8576/5731.pbf	 39817 bytes
14/8576/5737.pbf	 72954 bytes
14/8576/5734.pbf	 70494 bytes
14/8576/5735.pbf	 126531 bytes
14/8576/5738.pbf	 85117 bytes
14/8576/5736.pbf	 89631 bytes
14/8577/5731.pbf	 23835 bytes
14/8576/5739.pbf	 57654 bytes
14/8576/5740.pbf	 56473 bytes
14/8577/5732.pbf	 85880 bytes
14/8577/5730.pbf	 43174 bytes
14/8577/5733.pbf	 117617 bytes
14/8577/5734.pbf	 61202 bytes
14/8577/5736.pbf	 150099 bytes
14/8577/5737.pbf	 61578 bytes
14/8577/5735.pbf	 129919 bytes
14/8578/5730.pbf	 82137 bytes
14/8577/5739.pbf	 88839 bytes
14/8578/5731.pbf	 40942 bytes
14/8577/5738.pbf	 91295 bytes
14/8577/5740.pbf	 159116 bytes
14/8578/5733.pbf	 31301 bytes
14/8578/5732.pbf	 26731 bytes
14/8578/5734.pbf	 72871 bytes
14/8578/5735.pbf	 195635 bytes
14/8578/5736.pbf	 238529 bytes
14/8578/5739.pbf	 70172 bytes
14/8578/5740.pbf	 52505 bytes
14/8578/5738.pbf	 146517 bytes
14/8579/5730.pbf	 61329 bytes
14/8578/5737.pbf	 266011 bytes
14/8579/5732.pbf	 29751 bytes
14/8579/5733.pbf	 30340 bytes
14/8579/5734.pbf	 148163 bytes
14/8579/5731.pbf	 39162 bytes
14/8579/5735.pbf	 145178 bytes
14/8579/5739.pbf	 95420 bytes
14/8579/5740.pbf	 121243 bytes
14/8579/5738.pbf	 352101 bytes
14/8579/5737.pbf	 407964 bytes
14/8579/5736.pbf	 261827 bytes
14/8580/5733.pbf	 49197 bytes
14/8580/5731.pbf	 27720 bytes
14/8580/5732.pbf	 83819 bytes
14/8580/5730.pbf	 30739 bytes
14/8580/5734.pbf	 199804 bytes
14/8580/5738.pbf	 244729 bytes
14/8580/5739.pbf	 147673 bytes
14/8580/5735.pbf	 274359 bytes
14/8580/5736.pbf	 383805 bytes
14/8580/5737.pbf	 657049 bytes
14/8580/5740.pbf	 148191 bytes
{14: 121, 15: 441}
21.66 MB total written
z14:
 layer_name          | avg_pcent | avg_bytes    | avg_rowcount
 building            | 21.8      | 21 kB        | 728         
 housenumber         | 10.1      | 11 kB        | 683         
 transportation      | 25.6      | 21 kB        | 344         
 transportation_name | 11.6      | 8727.6 bytes | 96          
 poi                 | 11.5      | 16 kB        | 275         
 landcover           | 6.5       | 3785.1 bytes | 35          
 boundary            | 2.7       | 1806.6 bytes | 16          
 landuse             | 1.1       | 1388.7 bytes | 14          
 place               | 0.0       | 113.9 bytes  | 1           
 water               | 1.0       | 870.9 bytes  | 13          
 water_name          | 0.1       | 212.6 bytes  | 1           
 waterway            | 2.1       | 1321.0 bytes | 35          
 park                | 0.1       | 94.9 bytes   | 0           
 mountain_peak       | 0.0       | 58.3 bytes   | 1           
 aerodrome_label     | 0.0       | 8.4 bytes    | 0           
 aeroway             | 0.1       | 43.4 bytes   | 0           
total 10.89 MB, average 89.98 KB/tile, 121 tiles
z15:
 layer_name          | avg_pcent | avg_bytes    | avg_rowcount
 transportation      | 29.0      | 6380.9 bytes | 93          
 building            | 17.5      | 5675.5 bytes | 182         
 poi                 | 8.9       | 3542.5 bytes | 63          
 transportation_name | 13.7      | 2724.2 bytes | 28          
 housenumber         | 7.9       | 2961.4 bytes | 165         
 landcover           | 8.0       | 1226.2 bytes | 11          
 boundary            | 4.4       | 619.7 bytes  | 6           
 landuse             | 1.4       | 461.6 bytes  | 4           
 water               | 1.0       | 263.8 bytes  | 4           
 waterway            | 2.8       | 425.1 bytes  | 9           
 water_name          | 0.2       | 65.2 bytes   | 0           
 place               | 0.1       | 35.6 bytes   | 0           
 mountain_peak       | 0.1       | 18.6 bytes   | 0           
 park                | 0.2       | 26.5 bytes   | 0           
 aerodrome_label     | 0.0       | 2.5 bytes    | 0           
 aeroway             | 0.0       | 3.4 bytes    | 0           
total 10.77 MB, average 24.43 KB/tile, 441 tiles
34.6 seconds
